time="2020-07-02T03:36:16Z" level=debug msg="OpenShift Installer unreleased-master-3136-g0b08b9d015ac414a912eff61dbefdcd07cb29b3a-dirty"
time="2020-07-02T03:36:16Z" level=debug msg="Built from commit 0b08b9d015ac414a912eff61dbefdcd07cb29b3a"
time="2020-07-02T03:36:16Z" level=debug msg="Fetching Install Config..."
time="2020-07-02T03:36:16Z" level=debug msg="Loading Install Config..."
time="2020-07-02T03:36:16Z" level=debug msg="  Loading SSH Key..."
time="2020-07-02T03:36:16Z" level=debug msg="  Loading Base Domain..."
time="2020-07-02T03:36:16Z" level=debug msg="    Loading Platform..."
time="2020-07-02T03:36:16Z" level=debug msg="  Loading Cluster Name..."
time="2020-07-02T03:36:16Z" level=debug msg="    Loading Base Domain..."
time="2020-07-02T03:36:16Z" level=debug msg="    Loading Platform..."
time="2020-07-02T03:36:16Z" level=debug msg="  Loading Pull Secret..."
time="2020-07-02T03:36:16Z" level=debug msg="  Loading Platform..."
time="2020-07-02T03:36:16Z" level=debug msg="  Fetching SSH Key..."
time="2020-07-02T03:36:16Z" level=debug msg="  Generating SSH Key..."
time="2020-07-02T03:36:24Z" level=debug msg="  Fetching Base Domain..."
time="2020-07-02T03:36:24Z" level=debug msg="    Fetching Platform..."
time="2020-07-02T03:36:24Z" level=debug msg="    Generating Platform..."
time="2020-07-02T03:36:26Z" level=info msg="Credentials loaded from the \"default\" profile in file \"/root/.aws/credentials\""
time="2020-07-02T03:36:31Z" level=debug msg="  Generating Base Domain..."
time="2020-07-02T03:36:31Z" level=debug msg="listing AWS hosted zones"
time="2020-07-02T03:36:40Z" level=debug msg="  Fetching Cluster Name..."
time="2020-07-02T03:36:40Z" level=debug msg="    Fetching Base Domain..."
time="2020-07-02T03:36:40Z" level=debug msg="    Reusing previously-fetched Base Domain"
time="2020-07-02T03:36:40Z" level=debug msg="    Fetching Platform..."
time="2020-07-02T03:36:40Z" level=debug msg="    Reusing previously-fetched Platform"
time="2020-07-02T03:36:40Z" level=debug msg="  Generating Cluster Name..."
time="2020-07-02T03:36:42Z" level=debug msg="  Fetching Pull Secret..."
time="2020-07-02T03:36:42Z" level=debug msg="  Generating Pull Secret..."
time="2020-07-02T03:37:14Z" level=debug msg="  Fetching Platform..."
time="2020-07-02T03:37:14Z" level=debug msg="  Reusing previously-fetched Platform"
time="2020-07-02T03:37:14Z" level=debug msg="Generating Install Config..."
